{
  "RSpec": {
    "coverage": {
      "/home/icarus/development/job_go/app/helpers/application_helper.rb": [
        1,
        null,
        1,
        26,
        null,
        null
      ],
      "/home/icarus/development/job_go/app/models/category.rb": [
        1,
        1,
        1,
        null,
        1,
        null,
        1,
        null
      ],
      "/home/icarus/development/job_go/app/models/application_record.rb": [
        1,
        1,
        null
      ],
      "/home/icarus/development/job_go/app/controllers/categories_controller.rb": [
        1,
        1,
        null,
        null,
        null,
        1,
        3,
        null,
        null,
        1,
        3,
        3,
        2,
        null,
        1,
        1,
        null,
        null,
        null,
        1,
        null,
        1,
        null,
        1,
        0,
        0,
        null,
        0,
        0,
        null,
        null,
        null,
        1,
        null,
        1,
        3,
        null,
        null,
        1,
        5,
        null,
        null
      ],
      "/home/icarus/development/job_go/app/controllers/application_controller.rb": [
        1,
        1,
        null,
        null,
        1,
        null,
        null,
        null,
        null,
        null,
        null,
        null,
        null
      ],
      "/home/icarus/development/job_go/app/models/job.rb": [
        1,
        1,
        1,
        null,
        1,
        1,
        null,
        1,
        null,
        1,
        18,
        null,
        null,
        1,
        21,
        null,
        null,
        1,
        48,
        null,
        null,
        null,
        null
      ],
      "/home/icarus/development/job_go/app/models/company.rb": [
        1,
        1,
        1,
        null,
        1,
        null,
        1,
        null,
        1,
        null,
        1,
        13,
        null,
        null
      ],
      "/home/icarus/development/job_go/app/controllers/companies_controller.rb": [
        1,
        1,
        null,
        null,
        1,
        3,
        null,
        null,
        1,
        3,
        3,
        1,
        null,
        2,
        2,
        null,
        null,
        null,
        1,
        null,
        1,
        null,
        1,
        0,
        0,
        null,
        0,
        0,
        null,
        null,
        null,
        1,
        null,
        1,
        3,
        null,
        null,
        1,
        3,
        null,
        null
      ],
      "/home/icarus/development/job_go/app/controllers/jobs_controller.rb": [
        1,
        1,
        null,
        null,
        1,
        null,
        null,
        null,
        null,
        1,
        4,
        null,
        null,
        1,
        3,
        3,
        2,
        null,
        1,
        1,
        null,
        null,
        null,
        1,
        null,
        1,
        null,
        1,
        3,
        2,
        null,
        1,
        1,
        null,
        null,
        null,
        1,
        0,
        0,
        null,
        0,
        null,
        null,
        1,
        null,
        1,
        6,
        null,
        null,
        null,
        null,
        null,
        null,
        null,
        1,
        11,
        null,
        null,
        1,
        13,
        13,
        null,
        null
      ],
      "/home/icarus/development/job_go/app/controllers/home_controller.rb": [
        1,
        1,
        15,
        15,
        15,
        null,
        null
      ],
      "/home/icarus/development/job_go/app/jobs/application_job.rb": [
        0,
        0
      ],
      "/home/icarus/development/job_go/app/channels/application_cable/connection.rb": [
        0,
        0,
        0,
        0
      ],
      "/home/icarus/development/job_go/app/channels/application_cable/channel.rb": [
        0,
        0,
        0,
        0
      ],
      "/home/icarus/development/job_go/app/mailers/application_mailer.rb": [
        0,
        0,
        0,
        0
      ]
    },
    "timestamp": 1584796202
  }
}
